<?xml version="1.0" encoding="UTF-8"?>
<!-- Generated by org.testng.reporters.JUnitXMLReporter -->
<testsuite ignored="0" hostname="pc0735" failures="0" tests="6" name="Test" time="35.863" errors="0" timestamp="2023-06-16T15:02:23 IST">
  <testcase classname="TestNG.Assertion" name="assertioninTestng" time="9.915"/>
  <testcase classname="TestNG.Paralleltests" name="checkbox" time="7.205"/>
  <testcase classname="TestNG.Paralleltests" name="dropdown" time="14.619"/>
  <testcase classname="TestNG.Paralleltests" name="links" time="3.758"/>
  <testcase classname="TestNG.Parameterization" name="addData" time="0.081"/>
  <testcase classname="TestNG.Parameterization" name="readData" time="0.01"/>
</testsuite> <!-- Test -->
