<?xml version="1.0" encoding="UTF-8"?>
<testng-results ignored="0" total="1" passed="1" failed="0" skipped="0">
  <reporter-output>
  </reporter-output>
  <suite started-at="2023-06-07T11:10:18 IST" name="Default suite" finished-at="2023-06-07T11:10:28 IST" duration-ms="9740">
    <groups>
    </groups>
    <test started-at="2023-06-07T11:10:18 IST" name="Default test" finished-at="2023-06-07T11:10:28 IST" duration-ms="9740">
      <class name="accessingElements">
        <test-method signature="Tutorialslogin()[pri:0, instance:accessingElements@776b83cc]" started-at="2023-06-07T11:10:18 IST" name="Tutorialslogin" finished-at="2023-06-07T11:10:28 IST" duration-ms="9677" status="PASS">
          <reporter-output>
          </reporter-output>
        </test-method> <!-- Tutorialslogin -->
      </class> <!-- accessingElements -->
    </test> <!-- Default test -->
  </suite> <!-- Default suite -->
</testng-results>
