<?xml version="1.0" encoding="UTF-8"?>
<testng-results ignored="0" total="6" passed="6" failed="0" skipped="0">
  <reporter-output>
  </reporter-output>
  <suite started-at="2023-06-16T15:01:47 IST" name="Suite" finished-at="2023-06-16T15:02:23 IST" duration-ms="35863">
    <groups>
      <group name="crud">
        <method signature="Parameterization.addData(java.lang.String)[pri:1, instance:TestNG.Parameterization@4efac082]" name="addData" class="TestNG.Parameterization"/>
        <method signature="Parameterization.readData()[pri:2, instance:TestNG.Parameterization@4efac082]" name="readData" class="TestNG.Parameterization"/>
      </group> <!-- crud -->
    </groups>
    <test started-at="2023-06-16T15:01:47 IST" name="Test" finished-at="2023-06-16T15:02:23 IST" duration-ms="35863">
      <class name="TestNG.Assertion">
        <test-method signature="assertioninTestng()[pri:0, instance:TestNG.Assertion@4f2b503c]" started-at="2023-06-16T15:01:47 IST" name="assertioninTestng" finished-at="2023-06-16T15:01:57 IST" duration-ms="9915" status="PASS">
          <reporter-output>
          </reporter-output>
        </test-method> <!-- assertioninTestng -->
      </class> <!-- TestNG.Assertion -->
      <class name="TestNG.Parameterization">
        <test-method is-config="true" signature="createfile()[pri:0, instance:TestNG.Parameterization@4efac082]" started-at="2023-06-16T15:01:47 IST" name="createfile" finished-at="2023-06-16T15:01:47 IST" duration-ms="217" status="PASS">
          <reporter-output>
          </reporter-output>
        </test-method> <!-- createfile -->
        <test-method signature="addData(java.lang.String)[pri:1, instance:TestNG.Parameterization@4efac082]" started-at="2023-06-16T15:02:23 IST" name="addData" finished-at="2023-06-16T15:02:23 IST" duration-ms="81" status="PASS">
          <params>
            <param index="0">
              <value>
                <![CDATA[C:\Users\vaibhav.vaghela\Desktop\Training\product.xlsx]]>
              </value>
            </param>
          </params>
          <reporter-output>
          </reporter-output>
        </test-method> <!-- addData -->
        <test-method signature="readData()[pri:2, instance:TestNG.Parameterization@4efac082]" started-at="2023-06-16T15:02:23 IST" name="readData" finished-at="2023-06-16T15:02:23 IST" duration-ms="10" status="PASS">
          <reporter-output>
          </reporter-output>
        </test-method> <!-- readData -->
      </class> <!-- TestNG.Parameterization -->
      <class name="TestNG.Paralleltests">
        <test-method signature="checkbox()[pri:0, instance:TestNG.Paralleltests@60856961]" started-at="2023-06-16T15:01:57 IST" name="checkbox" finished-at="2023-06-16T15:02:05 IST" duration-ms="7205" status="PASS">
          <reporter-output>
          </reporter-output>
        </test-method> <!-- checkbox -->
        <test-method signature="dropdown()[pri:0, instance:TestNG.Paralleltests@60856961]" started-at="2023-06-16T15:02:05 IST" name="dropdown" finished-at="2023-06-16T15:02:19 IST" duration-ms="14619" status="PASS">
          <reporter-output>
          </reporter-output>
        </test-method> <!-- dropdown -->
        <test-method signature="links()[pri:0, instance:TestNG.Paralleltests@60856961]" started-at="2023-06-16T15:02:19 IST" name="links" finished-at="2023-06-16T15:02:23 IST" duration-ms="3758" status="PASS">
          <reporter-output>
          </reporter-output>
        </test-method> <!-- links -->
      </class> <!-- TestNG.Paralleltests -->
    </test> <!-- Test -->
  </suite> <!-- Suite -->
</testng-results>
